<?xml version="1.0" encoding="UTF-8" ?>
<testsuite tests="1" failures="0" name="TestSuite" time="0.49" errors="0" skipped="0">
  <properties>
    <property name="java.runtime.name" value="Java(TM) SE Runtime Environment"/>
    <property name="sun.boot.library.path" value="/Library/Java/JavaVirtualMachines/jdk1.8.0_144.jdk/Contents/Home/jre/lib"/>
    <property name="java.vm.version" value="25.144-b01"/>
    <property name="gopherProxySet" value="false"/>
    <property name="java.vm.vendor" value="Oracle Corporation"/>
    <property name="java.vendor.url" value="http://java.oracle.com/"/>
    <property name="path.separator" value=":"/>
    <property name="java.vm.name" value="Java HotSpot(TM) 64-Bit Server VM"/>
    <property name="file.encoding.pkg" value="sun.io"/>
    <property name="user.country" value="CN"/>
    <property name="sun.java.launcher" value="SUN_STANDARD"/>
    <property name="sun.os.patch.level" value="unknown"/>
    <property name="java.vm.specification.name" value="Java Virtual Machine Specification"/>
    <property name="user.dir" value="/Users/jiapeng/Downloads/Appium"/>
    <property name="java.runtime.version" value="1.8.0_144-b01"/>
    <property name="java.awt.graphicsenv" value="sun.awt.CGraphicsEnvironment"/>
    <property name="basedir" value="/Users/jiapeng/Downloads/Appium"/>
    <property name="java.endorsed.dirs" value="/Library/Java/JavaVirtualMachines/jdk1.8.0_144.jdk/Contents/Home/jre/lib/endorsed"/>
    <property name="os.arch" value="x86_64"/>
    <property name="surefire.real.class.path" value="/Users/jiapeng/Downloads/Appium/target/surefire/surefirebooter1251817766430533307.jar"/>
    <property name="java.io.tmpdir" value="/var/folders/fs/cjyg_gjj7bb24wcx7p0q5x380000gn/T/"/>
    <property name="line.separator" value="
"/>
    <property name="java.vm.specification.vendor" value="Oracle Corporation"/>
    <property name="https.proxyHost" value="127.0.0.1"/>
    <property name="os.name" value="Mac OS X"/>
    <property name="sun.jnu.encoding" value="UTF-8"/>
    <property name="java.library.path" value="/Users/jiapeng/Library/Java/Extensions:/Library/Java/Extensions:/Network/Library/Java/Extensions:/System/Library/Java/Extensions:/usr/lib/java:."/>
    <property name="http.proxyPort" value="49713"/>
    <property name="surefire.test.class.path" value="/Users/jiapeng/Downloads/Appium/target/test-classes:/Users/jiapeng/Downloads/Appium/target/classes:/Users/jiapeng/.m2/repository/org/testng/testng/6.9.10/testng-6.9.10.jar:/Users/jiapeng/.m2/repository/com/beust/jcommander/1.48/jcommander-1.48.jar:/Users/jiapeng/.m2/repository/org/beanshell/bsh/2.0b4/bsh-2.0b4.jar:/Users/jiapeng/.m2/repository/io/appium/java-client/3.3.0/java-client-3.3.0.jar:/Users/jiapeng/.m2/repository/com/google/code/gson/gson/2.2.4/gson-2.2.4.jar:/Users/jiapeng/.m2/repository/org/apache/httpcomponents/httpclient/4.3.3/httpclient-4.3.3.jar:/Users/jiapeng/.m2/repository/org/apache/httpcomponents/httpcore/4.3.2/httpcore-4.3.2.jar:/Users/jiapeng/.m2/repository/commons-logging/commons-logging/1.1.3/commons-logging-1.1.3.jar:/Users/jiapeng/.m2/repository/com/google/guava/guava/17.0/guava-17.0.jar:/Users/jiapeng/.m2/repository/cglib/cglib/3.1/cglib-3.1.jar:/Users/jiapeng/.m2/repository/org/ow2/asm/asm/4.2/asm-4.2.jar:/Users/jiapeng/.m2/repository/commons-validator/commons-validator/1.4.1/commons-validator-1.4.1.jar:/Users/jiapeng/.m2/repository/commons-beanutils/commons-beanutils/1.8.3/commons-beanutils-1.8.3.jar:/Users/jiapeng/.m2/repository/commons-digester/commons-digester/1.8.1/commons-digester-1.8.1.jar:/Users/jiapeng/.m2/repository/org/seleniumhq/selenium/selenium-java/2.53.0/selenium-java-2.53.0.jar:/Users/jiapeng/.m2/repository/org/seleniumhq/selenium/selenium-chrome-driver/2.53.0/selenium-chrome-driver-2.53.0.jar:/Users/jiapeng/.m2/repository/org/seleniumhq/selenium/selenium-remote-driver/2.53.0/selenium-remote-driver-2.53.0.jar:/Users/jiapeng/.m2/repository/cglib/cglib-nodep/2.1_3/cglib-nodep-2.1_3.jar:/Users/jiapeng/.m2/repository/org/seleniumhq/selenium/selenium-api/2.53.0/selenium-api-2.53.0.jar:/Users/jiapeng/.m2/repository/org/seleniumhq/selenium/selenium-edge-driver/2.53.0/selenium-edge-driver-2.53.0.jar:/Users/jiapeng/.m2/repository/commons-io/commons-io/2.4/commons-io-2.4.jar:/Users/jiapeng/.m2/repository/org/apache/commons/commons-exec/1.3/commons-exec-1.3.jar:/Users/jiapeng/.m2/repository/org/seleniumhq/selenium/selenium-firefox-driver/2.53.0/selenium-firefox-driver-2.53.0.jar:/Users/jiapeng/.m2/repository/org/seleniumhq/selenium/selenium-ie-driver/2.53.0/selenium-ie-driver-2.53.0.jar:/Users/jiapeng/.m2/repository/net/java/dev/jna/jna/4.1.0/jna-4.1.0.jar:/Users/jiapeng/.m2/repository/net/java/dev/jna/jna-platform/4.1.0/jna-platform-4.1.0.jar:/Users/jiapeng/.m2/repository/org/seleniumhq/selenium/selenium-safari-driver/2.53.0/selenium-safari-driver-2.53.0.jar:/Users/jiapeng/.m2/repository/io/netty/netty/3.5.7.Final/netty-3.5.7.Final.jar:/Users/jiapeng/.m2/repository/org/seleniumhq/selenium/selenium-support/2.53.0/selenium-support-2.53.0.jar:/Users/jiapeng/.m2/repository/org/seleniumhq/selenium/selenium-leg-rc/2.53.0/selenium-leg-rc-2.53.0.jar:/Users/jiapeng/.m2/repository/org/seleniumhq/selenium/selenium-server/2.53.0/selenium-server-2.53.0.jar:/Users/jiapeng/.m2/repository/org/bouncycastle/bcprov-jdk15on/1.48/bcprov-jdk15on-1.48.jar:/Users/jiapeng/.m2/repository/org/bouncycastle/bcpkix-jdk15on/1.48/bcpkix-jdk15on-1.48.jar:/Users/jiapeng/.m2/repository/mx4j/mx4j-tools/3.0.1/mx4j-tools-3.0.1.jar:/Users/jiapeng/.m2/repository/org/seleniumhq/selenium/jetty-repacked/9.2.13.v20150730/jetty-repacked-9.2.13.v20150730.jar:/Users/jiapeng/.m2/repository/javax/servlet/javax.servlet-api/3.1.0/javax.servlet-api-3.1.0.jar:/Users/jiapeng/.m2/repository/org/seleniumhq/selenium/jetty-rc-repacked/5/jetty-rc-repacked-5.jar:/Users/jiapeng/.m2/repository/net/jcip/jcip-annotations/1.0/jcip-annotations-1.0.jar:/Users/jiapeng/.m2/repository/org/yaml/snakeyaml/1.8/snakeyaml-1.8.jar:/Users/jiapeng/.m2/repository/commons-codec/commons-codec/1.10/commons-codec-1.10.jar:/Users/jiapeng/.m2/repository/io/rest-assured/rest-assured/3.0.5/rest-assured-3.0.5.jar:/Users/jiapeng/.m2/repository/org/codehaus/groovy/groovy/2.4.9/groovy-2.4.9.jar:/Users/jiapeng/.m2/repository/org/codehaus/groovy/groovy-xml/2.4.9/groovy-xml-2.4.9.jar:/Users/jiapeng/.m2/repository/org/apache/httpcomponents/httpmime/4.5.1/httpmime-4.5.1.jar:/Users/jiapeng/.m2/repository/org/hamcrest/hamcrest-core/1.3/hamcrest-core-1.3.jar:/Users/jiapeng/.m2/repository/org/hamcrest/hamcrest-library/1.3/hamcrest-library-1.3.jar:/Users/jiapeng/.m2/repository/org/ccil/cowan/tagsoup/tagsoup/1.2.1/tagsoup-1.2.1.jar:/Users/jiapeng/.m2/repository/io/rest-assured/json-path/3.0.5/json-path-3.0.5.jar:/Users/jiapeng/.m2/repository/org/codehaus/groovy/groovy-json/2.4.9/groovy-json-2.4.9.jar:/Users/jiapeng/.m2/repository/io/rest-assured/rest-assured-common/3.0.5/rest-assured-common-3.0.5.jar:/Users/jiapeng/.m2/repository/io/rest-assured/xml-path/3.0.5/xml-path-3.0.5.jar:/Users/jiapeng/.m2/repository/org/apache/commons/commons-lang3/3.4/commons-lang3-3.4.jar:/Users/jiapeng/.m2/repository/com/jayway/restassured/json-schema-validator/2.8.0/json-schema-validator-2.8.0.jar:/Users/jiapeng/.m2/repository/com/github/fge/json-schema-validator/2.2.6/json-schema-validator-2.2.6.jar:/Users/jiapeng/.m2/repository/com/google/code/findbugs/jsr305/3.0.0/jsr305-3.0.0.jar:/Users/jiapeng/.m2/repository/joda-time/joda-time/2.3/joda-time-2.3.jar:/Users/jiapeng/.m2/repository/com/googlecode/libphonenumber/libphonenumber/6.2/libphonenumber-6.2.jar:/Users/jiapeng/.m2/repository/com/github/fge/json-schema-core/1.2.5/json-schema-core-1.2.5.jar:/Users/jiapeng/.m2/repository/com/github/fge/uri-template/0.9/uri-template-0.9.jar:/Users/jiapeng/.m2/repository/com/github/fge/msg-simple/1.1/msg-simple-1.1.jar:/Users/jiapeng/.m2/repository/com/github/fge/btf/1.2/btf-1.2.jar:/Users/jiapeng/.m2/repository/com/github/fge/jackson-coreutils/1.8/jackson-coreutils-1.8.jar:/Users/jiapeng/.m2/repository/com/fasterxml/jackson/core/jackson-databind/2.2.3/jackson-databind-2.2.3.jar:/Users/jiapeng/.m2/repository/com/fasterxml/jackson/core/jackson-annotations/2.2.3/jackson-annotations-2.2.3.jar:/Users/jiapeng/.m2/repository/com/fasterxml/jackson/core/jackson-core/2.2.3/jackson-core-2.2.3.jar:/Users/jiapeng/.m2/repository/org/mozilla/rhino/1.7R4/rhino-1.7R4.jar:/Users/jiapeng/.m2/repository/javax/mail/mailapi/1.4.3/mailapi-1.4.3.jar:/Users/jiapeng/.m2/repository/javax/activation/activation/1.1/activation-1.1.jar:/Users/jiapeng/.m2/repository/net/sf/jopt-simple/jopt-simple/4.6/jopt-simple-4.6.jar:/Users/jiapeng/.m2/repository/com/relevantcodes/extentreports/2.40.2/extentreports-2.40.2.jar:/Users/jiapeng/.m2/repository/org/jsoup/jsoup/1.8.3/jsoup-1.8.3.jar:/Users/jiapeng/.m2/repository/org/xerial/sqlite-jdbc/3.8.11.1/sqlite-jdbc-3.8.11.1.jar:/Users/jiapeng/.m2/repository/com/aventstack/extentreports/3.0.3/extentreports-3.0.3.jar:/Users/jiapeng/.m2/repository/org/mongodb/mongodb-driver/3.3.0/mongodb-driver-3.3.0.jar:/Users/jiapeng/.m2/repository/org/mongodb/bson/3.3.0/bson-3.3.0.jar:/Users/jiapeng/.m2/repository/org/mongodb/mongodb-driver-core/3.3.0/mongodb-driver-core-3.3.0.jar:/Users/jiapeng/.m2/repository/org/freemarker/freemarker/2.3.23/freemarker-2.3.23.jar:/Users/jiapeng/.m2/repository/com/google/inject/guice/3.0/guice-3.0.jar:/Users/jiapeng/.m2/repository/javax/inject/javax.inject/1/javax.inject-1.jar:/Users/jiapeng/.m2/repository/aopalliance/aopalliance/1.0/aopalliance-1.0.jar:/Users/jiapeng/.m2/repository/org/mongodb/mongo-java-driver/3.3.0/mongo-java-driver-3.3.0.jar:/Users/jiapeng/.m2/repository/org/uncommons/reportng/1.1.4/reportng-1.1.4.jar:/Users/jiapeng/.m2/repository/velocity/velocity/1.4/velocity-1.4.jar:/Users/jiapeng/.m2/repository/velocity/velocity-dep/1.4/velocity-dep-1.4.jar:/Users/jiapeng/.m2/repository/net/sf/saxon/saxon/8.7/saxon-8.7.jar:/Users/jiapeng/.m2/repository/org/apache/velocity/velocity/1.7/velocity-1.7.jar:/Users/jiapeng/.m2/repository/commons-collections/commons-collections/3.2.1/commons-collections-3.2.1.jar:/Users/jiapeng/.m2/repository/commons-lang/commons-lang/2.4/commons-lang-2.4.jar:/Users/jiapeng/.m2/repository/net/sourceforge/jexcelapi/jxl/2.6/jxl-2.6.jar:/Users/jiapeng/.m2/repository/mysql/mysql-connector-java/5.1.44/mysql-connector-java-5.1.44.jar:/Users/jiapeng/.m2/repository/com/jcraft/jsch/0.1.54/jsch-0.1.54.jar:/Users/jiapeng/.m2/repository/log4j/log4j/1.2.16/log4j-1.2.16.jar:/Users/jiapeng/.m2/repository/org/slf4j/slf4j-api/1.6.6/slf4j-api-1.6.6.jar:/Users/jiapeng/.m2/repository/org/slf4j/slf4j-log4j12/1.6.6/slf4j-log4j12-1.6.6.jar:"/>
    <property name="java.specification.name" value="Java Platform API Specification"/>
    <property name="java.class.version" value="52.0"/>
    <property name="sun.management.compiler" value="HotSpot 64-Bit Tiered Compilers"/>
    <property name="os.version" value="10.13.5"/>
    <property name="user.home" value="/Users/jiapeng"/>
    <property name="user.timezone" value="Asia/Shanghai"/>
    <property name="java.awt.printerjob" value="sun.lwawt.macosx.CPrinterJob"/>
    <property name="java.specification.version" value="1.8"/>
    <property name="file.encoding" value="UTF-8"/>
    <property name="user.name" value="jiapeng"/>
    <property name="java.class.path" value="/Users/jiapeng/Downloads/Appium/target/test-classes:/Users/jiapeng/Downloads/Appium/target/classes:/Users/jiapeng/.m2/repository/org/testng/testng/6.9.10/testng-6.9.10.jar:/Users/jiapeng/.m2/repository/com/beust/jcommander/1.48/jcommander-1.48.jar:/Users/jiapeng/.m2/repository/org/beanshell/bsh/2.0b4/bsh-2.0b4.jar:/Users/jiapeng/.m2/repository/io/appium/java-client/3.3.0/java-client-3.3.0.jar:/Users/jiapeng/.m2/repository/com/google/code/gson/gson/2.2.4/gson-2.2.4.jar:/Users/jiapeng/.m2/repository/org/apache/httpcomponents/httpclient/4.3.3/httpclient-4.3.3.jar:/Users/jiapeng/.m2/repository/org/apache/httpcomponents/httpcore/4.3.2/httpcore-4.3.2.jar:/Users/jiapeng/.m2/repository/commons-logging/commons-logging/1.1.3/commons-logging-1.1.3.jar:/Users/jiapeng/.m2/repository/com/google/guava/guava/17.0/guava-17.0.jar:/Users/jiapeng/.m2/repository/cglib/cglib/3.1/cglib-3.1.jar:/Users/jiapeng/.m2/repository/org/ow2/asm/asm/4.2/asm-4.2.jar:/Users/jiapeng/.m2/repository/commons-validator/commons-validator/1.4.1/commons-validator-1.4.1.jar:/Users/jiapeng/.m2/repository/commons-beanutils/commons-beanutils/1.8.3/commons-beanutils-1.8.3.jar:/Users/jiapeng/.m2/repository/commons-digester/commons-digester/1.8.1/commons-digester-1.8.1.jar:/Users/jiapeng/.m2/repository/org/seleniumhq/selenium/selenium-java/2.53.0/selenium-java-2.53.0.jar:/Users/jiapeng/.m2/repository/org/seleniumhq/selenium/selenium-chrome-driver/2.53.0/selenium-chrome-driver-2.53.0.jar:/Users/jiapeng/.m2/repository/org/seleniumhq/selenium/selenium-remote-driver/2.53.0/selenium-remote-driver-2.53.0.jar:/Users/jiapeng/.m2/repository/cglib/cglib-nodep/2.1_3/cglib-nodep-2.1_3.jar:/Users/jiapeng/.m2/repository/org/seleniumhq/selenium/selenium-api/2.53.0/selenium-api-2.53.0.jar:/Users/jiapeng/.m2/repository/org/seleniumhq/selenium/selenium-edge-driver/2.53.0/selenium-edge-driver-2.53.0.jar:/Users/jiapeng/.m2/repository/commons-io/commons-io/2.4/commons-io-2.4.jar:/Users/jiapeng/.m2/repository/org/apache/commons/commons-exec/1.3/commons-exec-1.3.jar:/Users/jiapeng/.m2/repository/org/seleniumhq/selenium/selenium-firefox-driver/2.53.0/selenium-firefox-driver-2.53.0.jar:/Users/jiapeng/.m2/repository/org/seleniumhq/selenium/selenium-ie-driver/2.53.0/selenium-ie-driver-2.53.0.jar:/Users/jiapeng/.m2/repository/net/java/dev/jna/jna/4.1.0/jna-4.1.0.jar:/Users/jiapeng/.m2/repository/net/java/dev/jna/jna-platform/4.1.0/jna-platform-4.1.0.jar:/Users/jiapeng/.m2/repository/org/seleniumhq/selenium/selenium-safari-driver/2.53.0/selenium-safari-driver-2.53.0.jar:/Users/jiapeng/.m2/repository/io/netty/netty/3.5.7.Final/netty-3.5.7.Final.jar:/Users/jiapeng/.m2/repository/org/seleniumhq/selenium/selenium-support/2.53.0/selenium-support-2.53.0.jar:/Users/jiapeng/.m2/repository/org/seleniumhq/selenium/selenium-leg-rc/2.53.0/selenium-leg-rc-2.53.0.jar:/Users/jiapeng/.m2/repository/org/seleniumhq/selenium/selenium-server/2.53.0/selenium-server-2.53.0.jar:/Users/jiapeng/.m2/repository/org/bouncycastle/bcprov-jdk15on/1.48/bcprov-jdk15on-1.48.jar:/Users/jiapeng/.m2/repository/org/bouncycastle/bcpkix-jdk15on/1.48/bcpkix-jdk15on-1.48.jar:/Users/jiapeng/.m2/repository/mx4j/mx4j-tools/3.0.1/mx4j-tools-3.0.1.jar:/Users/jiapeng/.m2/repository/org/seleniumhq/selenium/jetty-repacked/9.2.13.v20150730/jetty-repacked-9.2.13.v20150730.jar:/Users/jiapeng/.m2/repository/javax/servlet/javax.servlet-api/3.1.0/javax.servlet-api-3.1.0.jar:/Users/jiapeng/.m2/repository/org/seleniumhq/selenium/jetty-rc-repacked/5/jetty-rc-repacked-5.jar:/Users/jiapeng/.m2/repository/net/jcip/jcip-annotations/1.0/jcip-annotations-1.0.jar:/Users/jiapeng/.m2/repository/org/yaml/snakeyaml/1.8/snakeyaml-1.8.jar:/Users/jiapeng/.m2/repository/commons-codec/commons-codec/1.10/commons-codec-1.10.jar:/Users/jiapeng/.m2/repository/io/rest-assured/rest-assured/3.0.5/rest-assured-3.0.5.jar:/Users/jiapeng/.m2/repository/org/codehaus/groovy/groovy/2.4.9/groovy-2.4.9.jar:/Users/jiapeng/.m2/repository/org/codehaus/groovy/groovy-xml/2.4.9/groovy-xml-2.4.9.jar:/Users/jiapeng/.m2/repository/org/apache/httpcomponents/httpmime/4.5.1/httpmime-4.5.1.jar:/Users/jiapeng/.m2/repository/org/hamcrest/hamcrest-core/1.3/hamcrest-core-1.3.jar:/Users/jiapeng/.m2/repository/org/hamcrest/hamcrest-library/1.3/hamcrest-library-1.3.jar:/Users/jiapeng/.m2/repository/org/ccil/cowan/tagsoup/tagsoup/1.2.1/tagsoup-1.2.1.jar:/Users/jiapeng/.m2/repository/io/rest-assured/json-path/3.0.5/json-path-3.0.5.jar:/Users/jiapeng/.m2/repository/org/codehaus/groovy/groovy-json/2.4.9/groovy-json-2.4.9.jar:/Users/jiapeng/.m2/repository/io/rest-assured/rest-assured-common/3.0.5/rest-assured-common-3.0.5.jar:/Users/jiapeng/.m2/repository/io/rest-assured/xml-path/3.0.5/xml-path-3.0.5.jar:/Users/jiapeng/.m2/repository/org/apache/commons/commons-lang3/3.4/commons-lang3-3.4.jar:/Users/jiapeng/.m2/repository/com/jayway/restassured/json-schema-validator/2.8.0/json-schema-validator-2.8.0.jar:/Users/jiapeng/.m2/repository/com/github/fge/json-schema-validator/2.2.6/json-schema-validator-2.2.6.jar:/Users/jiapeng/.m2/repository/com/google/code/findbugs/jsr305/3.0.0/jsr305-3.0.0.jar:/Users/jiapeng/.m2/repository/joda-time/joda-time/2.3/joda-time-2.3.jar:/Users/jiapeng/.m2/repository/com/googlecode/libphonenumber/libphonenumber/6.2/libphonenumber-6.2.jar:/Users/jiapeng/.m2/repository/com/github/fge/json-schema-core/1.2.5/json-schema-core-1.2.5.jar:/Users/jiapeng/.m2/repository/com/github/fge/uri-template/0.9/uri-template-0.9.jar:/Users/jiapeng/.m2/repository/com/github/fge/msg-simple/1.1/msg-simple-1.1.jar:/Users/jiapeng/.m2/repository/com/github/fge/btf/1.2/btf-1.2.jar:/Users/jiapeng/.m2/repository/com/github/fge/jackson-coreutils/1.8/jackson-coreutils-1.8.jar:/Users/jiapeng/.m2/repository/com/fasterxml/jackson/core/jackson-databind/2.2.3/jackson-databind-2.2.3.jar:/Users/jiapeng/.m2/repository/com/fasterxml/jackson/core/jackson-annotations/2.2.3/jackson-annotations-2.2.3.jar:/Users/jiapeng/.m2/repository/com/fasterxml/jackson/core/jackson-core/2.2.3/jackson-core-2.2.3.jar:/Users/jiapeng/.m2/repository/org/mozilla/rhino/1.7R4/rhino-1.7R4.jar:/Users/jiapeng/.m2/repository/javax/mail/mailapi/1.4.3/mailapi-1.4.3.jar:/Users/jiapeng/.m2/repository/javax/activation/activation/1.1/activation-1.1.jar:/Users/jiapeng/.m2/repository/net/sf/jopt-simple/jopt-simple/4.6/jopt-simple-4.6.jar:/Users/jiapeng/.m2/repository/com/relevantcodes/extentreports/2.40.2/extentreports-2.40.2.jar:/Users/jiapeng/.m2/repository/org/jsoup/jsoup/1.8.3/jsoup-1.8.3.jar:/Users/jiapeng/.m2/repository/org/xerial/sqlite-jdbc/3.8.11.1/sqlite-jdbc-3.8.11.1.jar:/Users/jiapeng/.m2/repository/com/aventstack/extentreports/3.0.3/extentreports-3.0.3.jar:/Users/jiapeng/.m2/repository/org/mongodb/mongodb-driver/3.3.0/mongodb-driver-3.3.0.jar:/Users/jiapeng/.m2/repository/org/mongodb/bson/3.3.0/bson-3.3.0.jar:/Users/jiapeng/.m2/repository/org/mongodb/mongodb-driver-core/3.3.0/mongodb-driver-core-3.3.0.jar:/Users/jiapeng/.m2/repository/org/freemarker/freemarker/2.3.23/freemarker-2.3.23.jar:/Users/jiapeng/.m2/repository/com/google/inject/guice/3.0/guice-3.0.jar:/Users/jiapeng/.m2/repository/javax/inject/javax.inject/1/javax.inject-1.jar:/Users/jiapeng/.m2/repository/aopalliance/aopalliance/1.0/aopalliance-1.0.jar:/Users/jiapeng/.m2/repository/org/mongodb/mongo-java-driver/3.3.0/mongo-java-driver-3.3.0.jar:/Users/jiapeng/.m2/repository/org/uncommons/reportng/1.1.4/reportng-1.1.4.jar:/Users/jiapeng/.m2/repository/velocity/velocity/1.4/velocity-1.4.jar:/Users/jiapeng/.m2/repository/velocity/velocity-dep/1.4/velocity-dep-1.4.jar:/Users/jiapeng/.m2/repository/net/sf/saxon/saxon/8.7/saxon-8.7.jar:/Users/jiapeng/.m2/repository/org/apache/velocity/velocity/1.7/velocity-1.7.jar:/Users/jiapeng/.m2/repository/commons-collections/commons-collections/3.2.1/commons-collections-3.2.1.jar:/Users/jiapeng/.m2/repository/commons-lang/commons-lang/2.4/commons-lang-2.4.jar:/Users/jiapeng/.m2/repository/net/sourceforge/jexcelapi/jxl/2.6/jxl-2.6.jar:/Users/jiapeng/.m2/repository/mysql/mysql-connector-java/5.1.44/mysql-connector-java-5.1.44.jar:/Users/jiapeng/.m2/repository/com/jcraft/jsch/0.1.54/jsch-0.1.54.jar:/Users/jiapeng/.m2/repository/log4j/log4j/1.2.16/log4j-1.2.16.jar:/Users/jiapeng/.m2/repository/org/slf4j/slf4j-api/1.6.6/slf4j-api-1.6.6.jar:/Users/jiapeng/.m2/repository/org/slf4j/slf4j-log4j12/1.6.6/slf4j-log4j12-1.6.6.jar:"/>
    <property name="java.vm.specification.version" value="1.8"/>
    <property name="sun.arch.data.model" value="64"/>
    <property name="java.home" value="/Library/Java/JavaVirtualMachines/jdk1.8.0_144.jdk/Contents/Home/jre"/>
    <property name="sun.java.command" value="/Users/jiapeng/Downloads/Appium/target/surefire/surefirebooter1251817766430533307.jar /Users/jiapeng/Downloads/Appium/target/surefire/surefire2465915326572589452tmp /Users/jiapeng/Downloads/Appium/target/surefire/surefire7805072225874132025tmp"/>
    <property name="java.specification.vendor" value="Oracle Corporation"/>
    <property name="user.language" value="zh"/>
    <property name="user.language.format" value="en"/>
    <property name="awt.toolkit" value="sun.lwawt.macosx.LWCToolkit"/>
    <property name="java.vm.info" value="mixed mode"/>
    <property name="java.version" value="1.8.0_144"/>
    <property name="java.ext.dirs" value="/Users/jiapeng/Library/Java/Extensions:/Library/Java/JavaVirtualMachines/jdk1.8.0_144.jdk/Contents/Home/jre/lib/ext:/Library/Java/Extensions:/Network/Library/Java/Extensions:/System/Library/Java/Extensions:/usr/lib/java"/>
    <property name="http.proxyHost" value="127.0.0.1"/>
    <property name="sun.boot.class.path" value="/Library/Java/JavaVirtualMachines/jdk1.8.0_144.jdk/Contents/Home/jre/lib/resources.jar:/Library/Java/JavaVirtualMachines/jdk1.8.0_144.jdk/Contents/Home/jre/lib/rt.jar:/Library/Java/JavaVirtualMachines/jdk1.8.0_144.jdk/Contents/Home/jre/lib/sunrsasign.jar:/Library/Java/JavaVirtualMachines/jdk1.8.0_144.jdk/Contents/Home/jre/lib/jsse.jar:/Library/Java/JavaVirtualMachines/jdk1.8.0_144.jdk/Contents/Home/jre/lib/jce.jar:/Library/Java/JavaVirtualMachines/jdk1.8.0_144.jdk/Contents/Home/jre/lib/charsets.jar:/Library/Java/JavaVirtualMachines/jdk1.8.0_144.jdk/Contents/Home/jre/lib/jfr.jar:/Library/Java/JavaVirtualMachines/jdk1.8.0_144.jdk/Contents/Home/jre/classes"/>
    <property name="java.vendor" value="Oracle Corporation"/>
    <property name="localRepository" value="/Users/jiapeng/.m2/repository"/>
    <property name="file.separator" value="/"/>
    <property name="java.vendor.url.bug" value="http://bugreport.sun.com/bugreport/"/>
    <property name="sun.cpu.endian" value="little"/>
    <property name="sun.io.unicode.encoding" value="UnicodeBig"/>
    <property name="https.proxyPort" value="49713"/>
    <property name="sun.cpu.isalist" value=""/>
  </properties>
  <testcase classname="TestCases.manhuajiapeng" name="test" time="0.005"/>
</testsuite>