<?xml version="1.0" encoding="UTF-8" ?>
<testsuite tests="11" failures="11" name="TestCases.manhuaTest" time="52.058" errors="0" skipped="0">
  <properties>
    <property name="java.runtime.name" value="Java(TM) SE Runtime Environment"/>
    <property name="sun.boot.library.path" value="/Library/Java/JavaVirtualMachines/jdk1.8.0_144.jdk/Contents/Home/jre/lib"/>
    <property name="java.vm.version" value="25.144-b01"/>
    <property name="gopherProxySet" value="false"/>
    <property name="java.vm.vendor" value="Oracle Corporation"/>
    <property name="maven.multiModuleProjectDirectory" value="/Users/jiapeng/Downloads/Appium"/>
    <property name="java.vendor.url" value="http://java.oracle.com/"/>
    <property name="path.separator" value=":"/>
    <property name="guice.disable.misplaced.annotation.check" value="true"/>
    <property name="java.vm.name" value="Java HotSpot(TM) 64-Bit Server VM"/>
    <property name="file.encoding.pkg" value="sun.io"/>
    <property name="user.country" value="CN"/>
    <property name="sun.java.launcher" value="SUN_STANDARD"/>
    <property name="sun.os.patch.level" value="unknown"/>
    <property name="java.vm.specification.name" value="Java Virtual Machine Specification"/>
    <property name="user.dir" value="/Users/jiapeng/Downloads/Appium"/>
    <property name="java.runtime.version" value="1.8.0_144-b01"/>
    <property name="java.awt.graphicsenv" value="sun.awt.CGraphicsEnvironment"/>
    <property name="java.endorsed.dirs" value="/Library/Java/JavaVirtualMachines/jdk1.8.0_144.jdk/Contents/Home/jre/lib/endorsed"/>
    <property name="os.arch" value="x86_64"/>
    <property name="java.io.tmpdir" value="/var/folders/fs/cjyg_gjj7bb24wcx7p0q5x380000gn/T/"/>
    <property name="line.separator" value="
"/>
    <property name="java.vm.specification.vendor" value="Oracle Corporation"/>
    <property name="https.proxyHost" value="127.0.0.1"/>
    <property name="os.name" value="Mac OS X"/>
    <property name="classworlds.conf" value="/Users/jiapeng/Documents/workspace/.metadata/.plugins/org.eclipse.m2e.launching/launches/m2conf5806883984123160487.tmp"/>
    <property name="sun.jnu.encoding" value="UTF-8"/>
    <property name="java.library.path" value="/Users/jiapeng/Library/Java/Extensions:/Library/Java/Extensions:/Network/Library/Java/Extensions:/System/Library/Java/Extensions:/usr/lib/java:."/>
    <property name="http.proxyPort" value="49713"/>
    <property name="java.specification.name" value="Java Platform API Specification"/>
    <property name="java.class.version" value="52.0"/>
    <property name="sun.management.compiler" value="HotSpot 64-Bit Tiered Compilers"/>
    <property name="os.version" value="10.13.5"/>
    <property name="user.home" value="/Users/jiapeng"/>
    <property name="user.timezone" value="Asia/Shanghai"/>
    <property name="java.awt.printerjob" value="sun.lwawt.macosx.CPrinterJob"/>
    <property name="java.specification.version" value="1.8"/>
    <property name="file.encoding" value="UTF-8"/>
    <property name="user.name" value="jiapeng"/>
    <property name="java.class.path" value="/Users/jiapeng/Downloads/Eclipse.app/Contents/Eclipse/plugins/org.eclipse.m2e.maven.runtime_1.7.0.20160603-1931/jars/plexus-classworlds-2.5.2.jar"/>
    <property name="java.vm.specification.version" value="1.8"/>
    <property name="sun.arch.data.model" value="64"/>
    <property name="java.home" value="/Library/Java/JavaVirtualMachines/jdk1.8.0_144.jdk/Contents/Home/jre"/>
    <property name="sun.java.command" value="org.codehaus.plexus.classworlds.launcher.Launcher -B install"/>
    <property name="java.specification.vendor" value="Oracle Corporation"/>
    <property name="user.language" value="zh"/>
    <property name="user.language.format" value="en"/>
    <property name="awt.toolkit" value="sun.lwawt.macosx.LWCToolkit"/>
    <property name="java.vm.info" value="mixed mode"/>
    <property name="java.version" value="1.8.0_144"/>
    <property name="java.ext.dirs" value="/Users/jiapeng/Library/Java/Extensions:/Library/Java/JavaVirtualMachines/jdk1.8.0_144.jdk/Contents/Home/jre/lib/ext:/Library/Java/Extensions:/Network/Library/Java/Extensions:/System/Library/Java/Extensions:/usr/lib/java"/>
    <property name="http.proxyHost" value="127.0.0.1"/>
    <property name="sun.boot.class.path" value="/Library/Java/JavaVirtualMachines/jdk1.8.0_144.jdk/Contents/Home/jre/lib/resources.jar:/Library/Java/JavaVirtualMachines/jdk1.8.0_144.jdk/Contents/Home/jre/lib/rt.jar:/Library/Java/JavaVirtualMachines/jdk1.8.0_144.jdk/Contents/Home/jre/lib/sunrsasign.jar:/Library/Java/JavaVirtualMachines/jdk1.8.0_144.jdk/Contents/Home/jre/lib/jsse.jar:/Library/Java/JavaVirtualMachines/jdk1.8.0_144.jdk/Contents/Home/jre/lib/jce.jar:/Library/Java/JavaVirtualMachines/jdk1.8.0_144.jdk/Contents/Home/jre/lib/charsets.jar:/Library/Java/JavaVirtualMachines/jdk1.8.0_144.jdk/Contents/Home/jre/lib/jfr.jar:/Library/Java/JavaVirtualMachines/jdk1.8.0_144.jdk/Contents/Home/jre/classes"/>
    <property name="java.vendor" value="Oracle Corporation"/>
    <property name="maven.home" value="/Users/jiapeng/Downloads/Appium/EMBEDDED"/>
    <property name="file.separator" value="/"/>
    <property name="java.vendor.url.bug" value="http://bugreport.sun.com/bugreport/"/>
    <property name="sun.cpu.endian" value="little"/>
    <property name="sun.io.unicode.encoding" value="UnicodeBig"/>
    <property name="https.proxyPort" value="49713"/>
    <property name="sun.cpu.isalist" value=""/>
  </properties>
  <testcase classname="TestCases.manhuaTest" name="case1" time="5.01">
    <failure type="java.lang.reflect.InvocationTargetException">java.lang.reflect.InvocationTargetException
	at sun.reflect.NativeMethodAccessorImpl.invoke0(Native Method)
	at sun.reflect.NativeMethodAccessorImpl.invoke(NativeMethodAccessorImpl.java:62)
	at sun.reflect.DelegatingMethodAccessorImpl.invoke(DelegatingMethodAccessorImpl.java:43)
	at java.lang.reflect.Method.invoke(Method.java:498)
	at com.manhua.service.RunUnitService.runCase(RunUnitService.java:85)
	at TestCases.manhuaTest.case1(manhuaTest.java:24)
Caused by: java.lang.NullPointerException
	at com.manhua.handler.ClickActionHandler.androidClick(ClickActionHandler.java:106)
	... 39 more
</failure>
    <system-out>Configuring TestNG with: org.apache.maven.surefire.testng.conf.TestNG652Configurator@3a4afd8d
初始化Android设备,耐心等待App启动ing...
-----------------------------------【微博漫画整体流程测试】-----------------------------------
『正常测试』开始执行: &lt;强制等待5秒&gt;
『正常测试』开始执行: &lt;点击我的&gt;
</system-out>
    <system-err>org.openqa.selenium.remote.UnreachableBrowserException: Could not start a new session. Possible causes are invalid address of the remote server or browser start-up failure.
Build info: version: &apos;2.53.0&apos;, revision: &apos;35ae25b1534ae328c771e0856c93e187490ca824&apos;, time: &apos;2016-03-15 10:43:46&apos;
System info: host: &apos;jiapengdeMacBook-Pro.local&apos;, ip: &apos;192.168.1.131&apos;, os.name: &apos;Mac OS X&apos;, os.arch: &apos;x86_64&apos;, os.version: &apos;10.13.5&apos;, java.version: &apos;1.8.0_144&apos;
Driver info: driver.version: AndroidDriver
	at org.openqa.selenium.remote.RemoteWebDriver.execute(RemoteWebDriver.java:665)
	at io.appium.java_client.DefaultGenericMobileDriver.execute(DefaultGenericMobileDriver.java:42)
	at io.appium.java_client.AppiumDriver.execute(AppiumDriver.java:1)
	at io.appium.java_client.android.AndroidDriver.execute(AndroidDriver.java:1)
	at org.openqa.selenium.remote.RemoteWebDriver.startSession(RemoteWebDriver.java:249)
	at org.openqa.selenium.remote.RemoteWebDriver.&lt;init&gt;(RemoteWebDriver.java:131)
	at org.openqa.selenium.remote.RemoteWebDriver.&lt;init&gt;(RemoteWebDriver.java:144)
	at io.appium.java_client.DefaultGenericMobileDriver.&lt;init&gt;(DefaultGenericMobileDriver.java:37)
	at io.appium.java_client.AppiumDriver.&lt;init&gt;(AppiumDriver.java:161)
	at io.appium.java_client.AppiumDriver.&lt;init&gt;(AppiumDriver.java:170)
	at io.appium.java_client.android.AndroidDriver.&lt;init&gt;(AndroidDriver.java:82)
	at com.manhua.service.AndroidXmlParseService.appiumConfigure(AndroidXmlParseService.java:114)
	at com.manhua.service.AndroidXmlParseService.parse(AndroidXmlParseService.java:241)
	at TestCases.manhuaTest.stup(manhuaTest.java:16)
	at sun.reflect.NativeMethodAccessorImpl.invoke0(Native Method)
	at sun.reflect.NativeMethodAccessorImpl.invoke(NativeMethodAccessorImpl.java:62)
	at sun.reflect.DelegatingMethodAccessorImpl.invoke(DelegatingMethodAccessorImpl.java:43)
	at java.lang.reflect.Method.invoke(Method.java:498)
	at org.testng.internal.MethodInvocationHelper.invokeMethod(MethodInvocationHelper.java:86)
	at org.testng.internal.Invoker.invokeConfigurationMethod(Invoker.java:514)
	at org.testng.internal.Invoker.invokeConfigurations(Invoker.java:215)
	at org.testng.internal.Invoker.invokeConfigurations(Invoker.java:142)
	at org.testng.TestRunner.beforeRun(TestRunner.java:656)
	at org.testng.TestRunner.run(TestRunner.java:624)
	at org.testng.SuiteRunner.runTest(SuiteRunner.java:366)
	at org.testng.SuiteRunner.runSequentially(SuiteRunner.java:361)
	at org.testng.SuiteRunner.privateRun(SuiteRunner.java:319)
	at org.testng.SuiteRunner.run(SuiteRunner.java:268)
	at org.testng.SuiteRunnerWorker.runSuite(SuiteRunnerWorker.java:52)
	at org.testng.SuiteRunnerWorker.run(SuiteRunnerWorker.java:86)
	at org.testng.TestNG.runSuitesSequentially(TestNG.java:1244)
	at org.testng.TestNG.runSuitesLocally(TestNG.java:1169)
	at org.testng.TestNG.run(TestNG.java:1064)
	at org.apache.maven.surefire.testng.TestNGExecutor.run(TestNGExecutor.java:77)
	at org.apache.maven.surefire.testng.TestNGDirectoryTestSuite.execute(TestNGDirectoryTestSuite.java:110)
	at org.apache.maven.surefire.testng.TestNGProvider.invoke(TestNGProvider.java:106)
	at sun.reflect.NativeMethodAccessorImpl.invoke0(Native Method)
	at sun.reflect.NativeMethodAccessorImpl.invoke(NativeMethodAccessorImpl.java:62)
	at sun.reflect.DelegatingMethodAccessorImpl.invoke(DelegatingMethodAccessorImpl.java:43)
	at java.lang.reflect.Method.invoke(Method.java:498)
	at org.apache.maven.surefire.util.ReflectionUtils.invokeMethodWithArray(ReflectionUtils.java:189)
	at org.apache.maven.surefire.booter.ProviderFactory$ProviderProxy.invoke(ProviderFactory.java:165)
	at org.apache.maven.surefire.booter.ProviderFactory.invokeProvider(ProviderFactory.java:85)
	at org.apache.maven.surefire.booter.ForkedBooter.runSuitesInProcess(ForkedBooter.java:115)
	at org.apache.maven.surefire.booter.ForkedBooter.main(ForkedBooter.java:75)
Caused by: org.openqa.selenium.WebDriverException: org.apache.http.conn.HttpHostConnectException: Connect to 127.0.0.1:4723 [/127.0.0.1] failed: Connection refused (Connection refused)
Build info: version: &apos;2.53.0&apos;, revision: &apos;35ae25b1534ae328c771e0856c93e187490ca824&apos;, time: &apos;2016-03-15 10:43:46&apos;
System info: host: &apos;jiapengdeMacBook-Pro.local&apos;, ip: &apos;192.168.1.131&apos;, os.name: &apos;Mac OS X&apos;, os.arch: &apos;x86_64&apos;, os.version: &apos;10.13.5&apos;, java.version: &apos;1.8.0_144&apos;
Driver info: driver.version: AndroidDriver
	at io.appium.java_client.remote.AppiumCommandExecutor.execute(AppiumCommandExecutor.java:79)
	at org.openqa.selenium.remote.RemoteWebDriver.execute(RemoteWebDriver.java:644)
	... 44 more
Caused by: org.apache.http.conn.HttpHostConnectException: Connect to 127.0.0.1:4723 [/127.0.0.1] failed: Connection refused (Connection refused)
	at org.apache.http.impl.conn.HttpClientConnectionOperator.connect(HttpClientConnectionOperator.java:140)
	at org.apache.http.impl.conn.PoolingHttpClientConnectionManager.connect(PoolingHttpClientConnectionManager.java:314)
	at org.apache.http.impl.execchain.MainClientExec.establishRoute(MainClientExec.java:363)
	at org.apache.http.impl.execchain.MainClientExec.execute(MainClientExec.java:219)
	at org.apache.http.impl.execchain.ProtocolExec.execute(ProtocolExec.java:195)
	at org.apache.http.impl.execchain.RetryExec.execute(RetryExec.java:86)
	at org.apache.http.impl.execchain.RedirectExec.execute(RedirectExec.java:108)
	at org.apache.http.impl.client.InternalHttpClient.doExecute(InternalHttpClient.java:186)
	at org.apache.http.impl.client.CloseableHttpClient.execute(CloseableHttpClient.java:72)
	at org.apache.http.impl.client.CloseableHttpClient.execute(CloseableHttpClient.java:57)
	at org.openqa.selenium.remote.internal.ApacheHttpClient.fallBackExecute(ApacheHttpClient.java:144)
	at org.openqa.selenium.remote.internal.ApacheHttpClient.execute(ApacheHttpClient.java:90)
	at org.openqa.selenium.remote.HttpCommandExecutor.execute(HttpCommandExecutor.java:142)
	at io.appium.java_client.remote.AppiumCommandExecutor.execute(AppiumCommandExecutor.java:67)
	... 45 more
Caused by: java.net.ConnectException: Connection refused (Connection refused)
	at java.net.PlainSocketImpl.socketConnect(Native Method)
	at java.net.AbstractPlainSocketImpl.doConnect(AbstractPlainSocketImpl.java:350)
	at java.net.AbstractPlainSocketImpl.connectToAddress(AbstractPlainSocketImpl.java:206)
	at java.net.AbstractPlainSocketImpl.connect(AbstractPlainSocketImpl.java:188)
	at java.net.SocksSocketImpl.connect(SocksSocketImpl.java:392)
	at java.net.Socket.connect(Socket.java:589)
	at org.apache.http.conn.socket.PlainConnectionSocketFactory.connectSocket(PlainConnectionSocketFactory.java:72)
	at org.apache.http.impl.conn.HttpClientConnectionOperator.connect(HttpClientConnectionOperator.java:117)
	... 58 more
</system-err>
  </testcase>
  <testcase classname="TestCases.manhuaTest" name="case11" time="5.009">
    <failure type="java.lang.reflect.InvocationTargetException">java.lang.reflect.InvocationTargetException
	at sun.reflect.NativeMethodAccessorImpl.invoke0(Native Method)
	at sun.reflect.NativeMethodAccessorImpl.invoke(NativeMethodAccessorImpl.java:62)
	at sun.reflect.DelegatingMethodAccessorImpl.invoke(DelegatingMethodAccessorImpl.java:43)
	at java.lang.reflect.Method.invoke(Method.java:498)
	at com.manhua.service.RunUnitService.runCase(RunUnitService.java:85)
	at TestCases.manhuaTest.case11(manhuaTest.java:89)
Caused by: java.lang.NullPointerException
	at com.manhua.handler.SlideActionHandler.commonSlide(SlideActionHandler.java:185)
	at com.manhua.handler.SlideActionHandler.slideUp(SlideActionHandler.java:74)
	... 39 more
</failure>
    <system-out>『正常测试』开始执行: &lt;强制等待5秒&gt;
『正常测试』开始执行: &lt;向上滑动5次，每次滑动时间500毫秒&gt;
</system-out>
  </testcase>
  <testcase classname="TestCases.manhuaTest" name="case12" time="5.005">
    <failure type="java.lang.reflect.InvocationTargetException">java.lang.reflect.InvocationTargetException
	at sun.reflect.NativeMethodAccessorImpl.invoke0(Native Method)
	at sun.reflect.NativeMethodAccessorImpl.invoke(NativeMethodAccessorImpl.java:62)
	at sun.reflect.DelegatingMethodAccessorImpl.invoke(DelegatingMethodAccessorImpl.java:43)
	at java.lang.reflect.Method.invoke(Method.java:498)
	at com.manhua.service.RunUnitService.runCase(RunUnitService.java:85)
	at TestCases.manhuaTest.case12(manhuaTest.java:96)
Caused by: java.lang.NullPointerException
	at com.manhua.handler.ClickActionHandler.androidClick(ClickActionHandler.java:106)
	... 39 more
</failure>
    <system-out>『正常测试』开始执行: &lt;强制等待5秒&gt;
『正常测试』开始执行: &lt;点击我的&gt;
</system-out>
  </testcase>
  <testcase classname="TestCases.manhuaTest" name="case2" time="5.002">
    <failure type="java.lang.reflect.InvocationTargetException">java.lang.reflect.InvocationTargetException
	at sun.reflect.NativeMethodAccessorImpl.invoke0(Native Method)
	at sun.reflect.NativeMethodAccessorImpl.invoke(NativeMethodAccessorImpl.java:62)
	at sun.reflect.DelegatingMethodAccessorImpl.invoke(DelegatingMethodAccessorImpl.java:43)
	at java.lang.reflect.Method.invoke(Method.java:498)
	at com.manhua.service.RunUnitService.runCase(RunUnitService.java:85)
	at TestCases.manhuaTest.case2(manhuaTest.java:32)
Caused by: java.lang.NullPointerException
	at com.manhua.handler.ClickActionHandler.androidClick(ClickActionHandler.java:106)
	... 39 more
</failure>
    <system-out>『正常测试』开始执行: &lt;强制等待5秒&gt;
『正常测试』开始执行: &lt;点击漫画icon&gt;
</system-out>
  </testcase>
  <testcase classname="TestCases.manhuaTest" name="case3" time="0.002">
    <failure type="java.lang.reflect.InvocationTargetException">java.lang.reflect.InvocationTargetException
	at sun.reflect.NativeMethodAccessorImpl.invoke0(Native Method)
	at sun.reflect.NativeMethodAccessorImpl.invoke(NativeMethodAccessorImpl.java:62)
	at sun.reflect.DelegatingMethodAccessorImpl.invoke(DelegatingMethodAccessorImpl.java:43)
	at java.lang.reflect.Method.invoke(Method.java:498)
	at com.manhua.service.RunUnitService.runCase(RunUnitService.java:85)
	at TestCases.manhuaTest.case3(manhuaTest.java:39)
Caused by: java.lang.NullPointerException
	at com.manhua.handler.ClickActionHandler.androidClick(ClickActionHandler.java:106)
	... 39 more
</failure>
    <system-out>『正常测试』开始执行: &lt;点击删除搜索框的内容&gt;
</system-out>
  </testcase>
  <testcase classname="TestCases.manhuaTest" name="case4" time="5.004">
    <failure type="java.lang.reflect.InvocationTargetException">java.lang.reflect.InvocationTargetException
	at sun.reflect.NativeMethodAccessorImpl.invoke0(Native Method)
	at sun.reflect.NativeMethodAccessorImpl.invoke(NativeMethodAccessorImpl.java:62)
	at sun.reflect.DelegatingMethodAccessorImpl.invoke(DelegatingMethodAccessorImpl.java:43)
	at java.lang.reflect.Method.invoke(Method.java:498)
	at com.manhua.service.RunUnitService.runCase(RunUnitService.java:85)
	at TestCases.manhuaTest.case4(manhuaTest.java:46)
Caused by: java.lang.NullPointerException
	at com.manhua.handler.ClickActionHandler.androidClick(ClickActionHandler.java:106)
	... 39 more
</failure>
    <system-out>『正常测试』开始执行: &lt;强制等待5秒&gt;
『正常测试』开始执行: &lt;点击banner&gt;
</system-out>
  </testcase>
  <testcase classname="TestCases.manhuaTest" name="case5" time="7.006">
    <failure type="java.lang.reflect.InvocationTargetException">java.lang.reflect.InvocationTargetException
	at sun.reflect.NativeMethodAccessorImpl.invoke0(Native Method)
	at sun.reflect.NativeMethodAccessorImpl.invoke(NativeMethodAccessorImpl.java:62)
	at sun.reflect.DelegatingMethodAccessorImpl.invoke(DelegatingMethodAccessorImpl.java:43)
	at java.lang.reflect.Method.invoke(Method.java:498)
	at com.manhua.service.RunUnitService.runCase(RunUnitService.java:85)
	at TestCases.manhuaTest.case5(manhuaTest.java:53)
Caused by: java.lang.NullPointerException
	at com.manhua.handler.ClickActionHandler.androidClick(ClickActionHandler.java:106)
	... 39 more
</failure>
    <system-out>『正常测试』开始执行: &lt;强制等待5秒&gt;
『正常测试』开始执行: &lt;点击下载icon&gt;
</system-out>
  </testcase>
  <testcase classname="TestCases.manhuaTest" name="case6" time="5.005">
    <failure type="java.lang.reflect.InvocationTargetException">java.lang.reflect.InvocationTargetException
	at sun.reflect.NativeMethodAccessorImpl.invoke0(Native Method)
	at sun.reflect.NativeMethodAccessorImpl.invoke(NativeMethodAccessorImpl.java:62)
	at sun.reflect.DelegatingMethodAccessorImpl.invoke(DelegatingMethodAccessorImpl.java:43)
	at java.lang.reflect.Method.invoke(Method.java:498)
	at com.manhua.service.RunUnitService.runCase(RunUnitService.java:85)
	at TestCases.manhuaTest.case6(manhuaTest.java:60)
Caused by: java.lang.NullPointerException
	at com.manhua.handler.ClickActionHandler.androidClick(ClickActionHandler.java:106)
	... 39 more
</failure>
    <system-out>『正常测试』开始执行: &lt;强制等待5秒&gt;
『正常测试』开始执行: &lt;点击分享按钮&gt;
</system-out>
  </testcase>
  <testcase classname="TestCases.manhuaTest" name="case7" time="5.006">
    <failure type="java.lang.reflect.InvocationTargetException">java.lang.reflect.InvocationTargetException
	at sun.reflect.NativeMethodAccessorImpl.invoke0(Native Method)
	at sun.reflect.NativeMethodAccessorImpl.invoke(NativeMethodAccessorImpl.java:62)
	at sun.reflect.DelegatingMethodAccessorImpl.invoke(DelegatingMethodAccessorImpl.java:43)
	at java.lang.reflect.Method.invoke(Method.java:498)
	at com.manhua.service.RunUnitService.runCase(RunUnitService.java:85)
	at TestCases.manhuaTest.case7(manhuaTest.java:68)
Caused by: java.lang.NullPointerException
	at com.manhua.handler.ClickActionHandler.androidClick(ClickActionHandler.java:106)
	... 39 more
</failure>
    <system-out>『正常测试』开始执行: &lt;强制等待5秒&gt;
『正常测试』开始执行: &lt;点击目录按钮&gt;
</system-out>
  </testcase>
  <testcase classname="TestCases.manhuaTest" name="case8" time="5.006">
    <failure type="java.lang.reflect.InvocationTargetException">java.lang.reflect.InvocationTargetException
	at sun.reflect.NativeMethodAccessorImpl.invoke0(Native Method)
	at sun.reflect.NativeMethodAccessorImpl.invoke(NativeMethodAccessorImpl.java:62)
	at sun.reflect.DelegatingMethodAccessorImpl.invoke(DelegatingMethodAccessorImpl.java:43)
	at java.lang.reflect.Method.invoke(Method.java:498)
	at com.manhua.service.RunUnitService.runCase(RunUnitService.java:85)
	at TestCases.manhuaTest.case8(manhuaTest.java:75)
Caused by: java.lang.NullPointerException
	at com.manhua.handler.SlideActionHandler.commonSlide(SlideActionHandler.java:185)
	at com.manhua.handler.SlideActionHandler.slideUp(SlideActionHandler.java:74)
	... 39 more
</failure>
    <system-out>『正常测试』开始执行: &lt;强制等待5秒&gt;
『正常测试』开始执行: &lt;向上滑动1次，每次滑动时间2000毫秒&gt;
</system-out>
  </testcase>
  <testcase classname="TestCases.manhuaTest" name="case9" time="5.003">
    <failure type="java.lang.reflect.InvocationTargetException">java.lang.reflect.InvocationTargetException
	at sun.reflect.NativeMethodAccessorImpl.invoke0(Native Method)
	at sun.reflect.NativeMethodAccessorImpl.invoke(NativeMethodAccessorImpl.java:62)
	at sun.reflect.DelegatingMethodAccessorImpl.invoke(DelegatingMethodAccessorImpl.java:43)
	at java.lang.reflect.Method.invoke(Method.java:498)
	at com.manhua.service.RunUnitService.runCase(RunUnitService.java:85)
	at TestCases.manhuaTest.case9(manhuaTest.java:82)
Caused by: java.lang.NullPointerException
	at com.manhua.handler.ClickActionHandler.androidClick(ClickActionHandler.java:106)
	... 39 more
</failure>
    <system-out>『正常测试』开始执行: &lt;强制等待5秒&gt;
『正常测试』开始执行: &lt;点击阅读按钮&gt;
</system-out>
  </testcase>
</testsuite>