<?xml version="1.0" encoding="UTF-8"?>
<!-- Generated by org.testng.reporters.JUnitReportReporter -->
<testsuite hostname="jiapengdeMacBook-Pro.local" name="TestCases.manhuajiapeng" tests="1" failures="0" timestamp="5 Jul 2018 08:47:04 GMT" time="0.005" errors="0">
  <testcase name="test" time="0.005" classname="TestCases.manhuajiapeng"/>
</testsuite> <!-- TestCases.manhuajiapeng -->
